2021-05-17 15:38:15.018  INFO 15580 --- [main] ru.netology.demo.DiplomApplication       : Starting DiplomApplication using Java 15.0.2 on andrei-Yoga-Slim-7-14IIL05 with PID 15580 (/home/andrei/diplom/target/classes started by andrei in /home/andrei/diplom)
2021-05-17 15:38:15.020  INFO 15580 --- [main] ru.netology.demo.DiplomApplication       : No active profile set, falling back to default profiles: default
2021-05-17 15:38:15.475  INFO 15580 --- [main] .s.d.r.c.RepositoryConfigurationDelegate : Multiple Spring Data modules found, entering strict repository configuration mode!
2021-05-17 15:38:15.476  INFO 15580 --- [main] .s.d.r.c.RepositoryConfigurationDelegate : Bootstrapping Spring Data JDBC repositories in DEFAULT mode.
2021-05-17 15:38:15.490  INFO 15580 --- [main] .RepositoryConfigurationExtensionSupport : Spring Data JDBC - Could not safely identify store assignment for repository candidate interface ru.netology.demo.repository.FileRepository. If you want this repository to be a JDBC repository, consider annotating your entities with one of these annotations: org.springframework.data.relational.core.mapping.Table.
2021-05-17 15:38:15.491  INFO 15580 --- [main] .RepositoryConfigurationExtensionSupport : Spring Data JDBC - Could not safely identify store assignment for repository candidate interface ru.netology.demo.repository.UserRepository. If you want this repository to be a JDBC repository, consider annotating your entities with one of these annotations: org.springframework.data.relational.core.mapping.Table.
2021-05-17 15:38:15.492  INFO 15580 --- [main] .s.d.r.c.RepositoryConfigurationDelegate : Finished Spring Data repository scanning in 14 ms. Found 0 JDBC repository interfaces.
2021-05-17 15:38:15.497  INFO 15580 --- [main] .s.d.r.c.RepositoryConfigurationDelegate : Multiple Spring Data modules found, entering strict repository configuration mode!
2021-05-17 15:38:15.497  INFO 15580 --- [main] .s.d.r.c.RepositoryConfigurationDelegate : Bootstrapping Spring Data JPA repositories in DEFAULT mode.
2021-05-17 15:38:15.512  INFO 15580 --- [main] .s.d.r.c.RepositoryConfigurationDelegate : Finished Spring Data repository scanning in 13 ms. Found 2 JPA repository interfaces.
2021-05-17 15:38:15.677  INFO 15580 --- [main] trationDelegate$BeanPostProcessorChecker : Bean 'org.springframework.security.access.expression.method.DefaultMethodSecurityExpressionHandler@e8e0dec' of type [org.springframework.security.access.expression.method.DefaultMethodSecurityExpressionHandler] is not eligible for getting processed by all BeanPostProcessors (for example: not eligible for auto-proxying)
2021-05-17 15:38:15.683  INFO 15580 --- [main] trationDelegate$BeanPostProcessorChecker : Bean 'methodSecurityMetadataSource' of type [org.springframework.security.access.method.DelegatingMethodSecurityMetadataSource] is not eligible for getting processed by all BeanPostProcessors (for example: not eligible for auto-proxying)
2021-05-17 15:38:15.820  INFO 15580 --- [main] o.s.b.w.embedded.tomcat.TomcatWebServer  : Tomcat initialized with port(s): 29990 (http)
2021-05-17 15:38:15.826  INFO 15580 --- [main] o.apache.catalina.core.StandardService   : Starting service [Tomcat]
2021-05-17 15:38:15.826  INFO 15580 --- [main] org.apache.catalina.core.StandardEngine  : Starting Servlet engine: [Apache Tomcat/9.0.45]
2021-05-17 15:38:15.868  INFO 15580 --- [main] o.a.c.c.C.[Tomcat].[localhost].[/]       : Initializing Spring embedded WebApplicationContext
2021-05-17 15:38:15.869  INFO 15580 --- [main] w.s.c.ServletWebServerApplicationContext : Root WebApplicationContext: initialization completed in 809 ms
2021-05-17 15:38:15.893  INFO 15580 --- [main] com.zaxxer.hikari.HikariDataSource       : HikariPool-1 - Starting...
2021-05-17 15:38:15.941  INFO 15580 --- [main] com.zaxxer.hikari.HikariDataSource       : HikariPool-1 - Start completed.
2021-05-17 15:38:15.944  INFO 15580 --- [main] o.s.b.a.h2.H2ConsoleAutoConfiguration    : H2 console available at '/h2-console'. Database available at 'jdbc:h2:mem:db'
2021-05-17 15:38:16.002  INFO 15580 --- [main] o.hibernate.jpa.internal.util.LogHelper  : HHH000204: Processing PersistenceUnitInfo [name: default]
2021-05-17 15:38:16.018  INFO 15580 --- [main] org.hibernate.Version                    : HHH000412: Hibernate ORM core version 5.4.30.Final
2021-05-17 15:38:16.065  INFO 15580 --- [main] o.hibernate.annotations.common.Version   : HCANN000001: Hibernate Commons Annotations {5.1.2.Final}
2021-05-17 15:38:16.111  INFO 15580 --- [main] org.hibernate.dialect.Dialect            : HHH000400: Using dialect: org.hibernate.dialect.H2Dialect
2021-05-17 15:38:16.411  INFO 15580 --- [main] o.h.e.t.j.p.i.JtaPlatformInitiator       : HHH000490: Using JtaPlatform implementation: [org.hibernate.engine.transaction.jta.platform.internal.NoJtaPlatform]
2021-05-17 15:38:16.414  INFO 15580 --- [main] j.LocalContainerEntityManagerFactoryBean : Initialized JPA EntityManagerFactory for persistence unit 'default'
2021-05-17 15:38:16.674  WARN 15580 --- [main] JpaBaseConfiguration$JpaWebConfiguration : spring.jpa.open-in-view is enabled by default. Therefore, database queries may be performed during view rendering. Explicitly configure spring.jpa.open-in-view to disable this warning
2021-05-17 15:38:16.830  INFO 15580 --- [main] o.s.s.web.DefaultSecurityFilterChain     : Will secure any request with [org.springframework.security.web.context.request.async.WebAsyncManagerIntegrationFilter@6e337ba1, org.springframework.security.web.context.SecurityContextPersistenceFilter@11174bf, org.springframework.security.web.header.HeaderWriterFilter@4c3fcbe7, org.springframework.web.filter.CorsFilter@53a16dd6, org.springframework.security.web.authentication.logout.LogoutFilter@626766fd, ru.netology.demo.configJwt.JwtRequestFilter@5e3cb58e, org.springframework.security.web.savedrequest.RequestCacheAwareFilter@188ae8d2, org.springframework.security.web.servletapi.SecurityContextHolderAwareRequestFilter@39b95a80, org.springframework.security.web.authentication.AnonymousAuthenticationFilter@126d8659, org.springframework.security.web.session.SessionManagementFilter@7df5549e, org.springframework.security.web.access.ExceptionTranslationFilter@fd0e118, org.springframework.security.web.access.intercept.FilterSecurityInterceptor@348bd063]
2021-05-17 15:38:17.129  INFO 15580 --- [main] o.s.b.w.embedded.tomcat.TomcatWebServer  : Tomcat started on port(s): 29990 (http) with context path ''
2021-05-17 15:38:17.137  INFO 15580 --- [main] ru.netology.demo.DiplomApplication       : Started DiplomApplication in 2.36 seconds (JVM running for 2.782)
2021-05-17 15:38:17.138  INFO 15580 --- [main] o.s.b.a.ApplicationAvailabilityBean      : Application availability state LivenessState changed to CORRECT
2021-05-17 15:38:17.178  INFO 15580 --- [main] o.s.b.a.ApplicationAvailabilityBean      : Application availability state ReadinessState changed to ACCEPTING_TRAFFIC
